<?xml version="1.0" encoding="utf-8"?>
<TestRun id="ddb104bb-d004-4f83-8829-4e94eb63d537" name="@Jotunheimr-LM 2022-11-12 08:28:23" xmlns="http://microsoft.com/schemas/VisualStudio/TeamTest/2010">
  <Times creation="2022-11-12T08:28:23.9248278+00:00" queuing="2022-11-12T08:28:23.9248281+00:00" start="2022-11-12T08:28:22.5491305+00:00" finish="2022-11-12T08:28:23.9425345+00:00" />
  <TestSettings name="default" id="3b03e292-a0b5-4683-9267-587b0aa7dcd3">
    <Deployment runDeploymentRoot="_Jotunheimr-LM_2022-11-12_08_28_23" />
  </TestSettings>
  <Results>
    <UnitTestResult executionId="be75c2c8-5687-421e-8ac0-76b3b0c4d2a4" testId="bfd7588e-c441-18a0-7ed4-c22c50871e2d" testName="GildedRose.UnitTests.My test" computerName="Jotunheimr-LM" duration="00:00:00.1654334" startTime="2022-11-12T08:28:23.7869543+00:00" endTime="2022-11-12T08:28:23.7869921+00:00" testType="13cdc9d9-ddb5-4fa4-a97d-d965ccfc6d4b" outcome="Failed" testListId="8c84fa94-04c1-424b-9868-57a2d4851a1d" relativeResultsDirectory="be75c2c8-5687-421e-8ac0-76b3b0c4d2a4">
      <Output>
        <ErrorInfo>
          <Message>

"fixme" = Items.[0].Name
"fixme" = seq [{ Name = "foo"
       SellIn = -1
       Quality = 0 }].[0].Name
"fixme" = { Name = "foo"
  SellIn = -1
  Quality = 0 }.Name
"fixme" = "foo"
false

Expected: True
Actual:   False</Message>
          <StackTrace>   at GildedRose.UnitTests.My test() in /home/akira/code/personal/gilded-fsharp/GildedRose.UnitTests/Tests.fs:line 14</StackTrace>
        </ErrorInfo>
      </Output>
    </UnitTestResult>
  </Results>
  <TestDefinitions>
    <UnitTest name="GildedRose.UnitTests.My test" storage="/home/akira/code/personal/gilded-fsharp/gildedrose.unittests/bin/debug/net6.0/gildedrose.unittests.dll" id="bfd7588e-c441-18a0-7ed4-c22c50871e2d">
      <Execution id="be75c2c8-5687-421e-8ac0-76b3b0c4d2a4" />
      <TestMethod codeBase="/home/akira/code/personal/gilded-fsharp/GildedRose.UnitTests/bin/Debug/net6.0/GildedRose.UnitTests.dll" adapterTypeName="executor://xunit/VsTestRunner2/netcoreapp" className="GildedRose.UnitTests" name="My test" />
    </UnitTest>
  </TestDefinitions>
  <TestEntries>
    <TestEntry testId="bfd7588e-c441-18a0-7ed4-c22c50871e2d" executionId="be75c2c8-5687-421e-8ac0-76b3b0c4d2a4" testListId="8c84fa94-04c1-424b-9868-57a2d4851a1d" />
  </TestEntries>
  <TestLists>
    <TestList name="Results Not in a List" id="8c84fa94-04c1-424b-9868-57a2d4851a1d" />
    <TestList name="All Loaded Results" id="19431567-8539-422a-85d7-44ee4e166bda" />
  </TestLists>
  <ResultSummary outcome="Failed">
    <Counters total="1" executed="1" passed="0" failed="1" error="0" timeout="0" aborted="0" inconclusive="0" passedButRunAborted="0" notRunnable="0" notExecuted="0" disconnected="0" warning="0" completed="0" inProgress="0" pending="0" />
    <Output>
      <StdOut>[xUnit.net 00:00:00.00] xUnit.net VSTest Adapter v2.4.3+1b45f5407b (64-bit .NET 6.0.11)
[xUnit.net 00:00:00.44]   Discovering: GildedRose.UnitTests
[xUnit.net 00:00:00.49]   Discovered:  GildedRose.UnitTests
[xUnit.net 00:00:00.49]   Starting:    GildedRose.UnitTests
[xUnit.net 00:00:00.73]       
[xUnit.net 00:00:00.73]       
[xUnit.net 00:00:00.73]       "fixme" = Items.[0].Name
[xUnit.net 00:00:00.73]       "fixme" = seq [{ Name = "foo"
[xUnit.net 00:00:00.73]              SellIn = -1
[xUnit.net 00:00:00.73]              Quality = 0 }].[0].Name
[xUnit.net 00:00:00.73]       "fixme" = { Name = "foo"
[xUnit.net 00:00:00.73]         SellIn = -1
[xUnit.net 00:00:00.73]         Quality = 0 }.Name
[xUnit.net 00:00:00.73]       "fixme" = "foo"
[xUnit.net 00:00:00.73]       false
[xUnit.net 00:00:00.73]       
[xUnit.net 00:00:00.73]       Expected: True
[xUnit.net 00:00:00.73]       Actual:   False
[xUnit.net 00:00:00.73]       Stack Trace:
[xUnit.net 00:00:00.73]         /home/akira/code/personal/gilded-fsharp/GildedRose.UnitTests/Tests.fs(14,0): at GildedRose.UnitTests.My test()
[xUnit.net 00:00:00.74]   Finished:    GildedRose.UnitTests
</StdOut>
    </Output>
    <RunInfos>
      <RunInfo computerName="Jotunheimr-LM" outcome="Error" timestamp="2022-11-12T08:28:23.7815801+00:00">
        <Text>[xUnit.net 00:00:00.73]     GildedRose.UnitTests.My test [FAIL]</Text>
      </RunInfo>
    </RunInfos>
  </ResultSummary>
</TestRun>