<?xml version="1.0" encoding="utf-8"?>
<TestRun id="40818e12-5f5c-444f-ae81-5ed2fde1122e" name="@Jotunheimr-LM 2022-11-12 08:28:15" xmlns="http://microsoft.com/schemas/VisualStudio/TeamTest/2010">
  <Times creation="2022-11-12T08:28:15.7094205+00:00" queuing="2022-11-12T08:28:15.7094207+00:00" start="2022-11-12T08:28:14.5040375+00:00" finish="2022-11-12T08:28:15.7247066+00:00" />
  <TestSettings name="default" id="049cf309-de29-4176-a964-d0a6caa6c354">
    <Deployment runDeploymentRoot="_Jotunheimr-LM_2022-11-12_08_28_15" />
  </TestSettings>
  <Results>
    <UnitTestResult executionId="75cec431-017c-4e0a-9a3f-c638105550bb" testId="14b17a81-4cd4-6220-d80b-e37c9152caf2" testName="GildedRose.ApprovalTests.Thirty day report is correct" computerName="Jotunheimr-LM" duration="00:00:00.0205246" startTime="2022-11-12T08:28:15.5691630+00:00" endTime="2022-11-12T08:28:15.5692211+00:00" testType="13cdc9d9-ddb5-4fa4-a97d-d965ccfc6d4b" outcome="Passed" testListId="8c84fa94-04c1-424b-9868-57a2d4851a1d" relativeResultsDirectory="75cec431-017c-4e0a-9a3f-c638105550bb" />
  </Results>
  <TestDefinitions>
    <UnitTest name="GildedRose.ApprovalTests.Thirty day report is correct" storage="/home/akira/code/personal/gilded-fsharp/gildedrose.approvaltests/bin/debug/net6.0/gildedrose.approvaltests.dll" id="14b17a81-4cd4-6220-d80b-e37c9152caf2">
      <Execution id="75cec431-017c-4e0a-9a3f-c638105550bb" />
      <TestMethod codeBase="/home/akira/code/personal/gilded-fsharp/GildedRose.ApprovalTests/bin/Debug/net6.0/GildedRose.ApprovalTests.dll" adapterTypeName="executor://xunit/VsTestRunner2/netcoreapp" className="GildedRose.ApprovalTests" name="Thirty day report is correct" />
    </UnitTest>
  </TestDefinitions>
  <TestEntries>
    <TestEntry testId="14b17a81-4cd4-6220-d80b-e37c9152caf2" executionId="75cec431-017c-4e0a-9a3f-c638105550bb" testListId="8c84fa94-04c1-424b-9868-57a2d4851a1d" />
  </TestEntries>
  <TestLists>
    <TestList name="Results Not in a List" id="8c84fa94-04c1-424b-9868-57a2d4851a1d" />
    <TestList name="All Loaded Results" id="19431567-8539-422a-85d7-44ee4e166bda" />
  </TestLists>
  <ResultSummary outcome="Completed">
    <Counters total="1" executed="1" passed="1" failed="0" error="0" timeout="0" aborted="0" inconclusive="0" passedButRunAborted="0" notRunnable="0" notExecuted="0" disconnected="0" warning="0" completed="0" inProgress="0" pending="0" />
    <Output>
      <StdOut>[xUnit.net 00:00:00.00] xUnit.net VSTest Adapter v2.4.3+1b45f5407b (64-bit .NET 6.0.11)
[xUnit.net 00:00:00.44]   Discovering: GildedRose.ApprovalTests
[xUnit.net 00:00:00.49]   Discovered:  GildedRose.ApprovalTests
[xUnit.net 00:00:00.50]   Starting:    GildedRose.ApprovalTests
[xUnit.net 00:00:00.59]   Finished:    GildedRose.ApprovalTests
</StdOut>
    </Output>
  </ResultSummary>
</TestRun>